#
# A fatal error has been detected by the Java Runtime Environment:
#
#  SIGBUS (0xa) at pc=0x00000001027b5e92, pid=44591, tid=0x0000000000005b03
#
# JRE version: Java(TM) SE Runtime Environment (8.0_131-b11) (build 1.8.0_131-b11)
# Java VM: Java HotSpot(TM) 64-Bit Server VM (25.131-b11 mixed mode bsd-amd64 compressed oops)
# Problematic frame:
# C  [libzip.dylib+0x2e92]  newEntry+0x154
#
# Failed to write core dump. Core dumps have been disabled. To enable core dumping, try "ulimit -c unlimited" before starting Java again
#
# If you would like to submit a bug report, please visit:
#   http://bugreport.java.com/bugreport/crash.jsp
# The crash happened outside the Java Virtual Machine in native code.
# See problematic frame for where to report the bug.
#

---------------  T H R E A D  ---------------

Current thread (0x00007f8dc78d8800):  JavaThread "http-nio-8080-exec-4" daemon [_thread_in_native, id=23299, stack(0x0000700007f3a000,0x000070000803a000)]

siginfo: si_signo: 10 (SIGBUS), si_code: 2 (BUS_ADRERR), si_addr: 0x000000011b299898

Registers:
RAX=0x00007f8dcb561000, RBX=0x000000011b29988c, RCX=0x0000000000000001, RDX=0x0000000000000c00
RSP=0x00007000080367c0, RBP=0x0000700008036820, RSI=0x0000000000080000, RDI=0x0000000000000cc9
R8 =0x0000000000000048, R9 =0x00007f8dcb4cc8e0, R10=0x00000000fff80000, R11=0x00006ff86761d4c6
R12=0x00007f8dcb561140, R13=0x0000000000000040, R14=0x00000000147242ab, R15=0x00007f8dcb65e370
RIP=0x00000001027b5e92, EFLAGS=0x0000000000010202, ERR=0x0000000000000004
  TRAPNO=0x000000000000000e

Top of Stack: (sp=0x00007000080367c0)
0x00007000080367c0:   00000000f414309b 000000007250636f
0x00007000080367d0:   a60bc5466c02d33a 0000000000000000
0x00007000080367e0:   0000700008036800 00007f8dcb561000
0x00007000080367f0:   00007f8dcb4cc8e0 00007f8dcb561000
0x0000700008036800:   00007f8dcb561140 0000000000000040
0x0000700008036810:   00000000147242ab 00007f8dcb65e370
0x0000700008036820:   0000700008036880 00000001027b652d
0x0000700008036830:   00007000080368b3 00007000080368b2
0x0000700008036840:   0000001300000000 00000014008d8800
0x0000700008036850:   000070000803689e 0000700008036ce8
0x0000700008036860:   0000000000000014 000070000803689e
0x0000700008036870:   00007f8dcb561000 00007f8dc78d89f8
0x0000700008036880:   0000700008036cd0 00000001027b5238
0x0000700008036890:   0000700008036880 6c78000100000000
0x00007000080368a0:   536465726168732f 782e73676e697274
0x00007000080368b0:   0000000000006c6d 000000011e7f14c0
0x00007000080368c0:   0000000000000000 0000700008036900
0x00007000080368d0:   0000700008037060 00007f8dc78d8800
0x00007000080368e0:   0000000000000009 0000000000000000
0x00007000080368f0:   0000000000000129 00000007a09f3110
0x0000700008036900:   0000000000000000 0000000000000200
0x0000700008036910:   0000000000000000 00000007a09f3190
0x0000700008036920:   00000007a09f30a0 0000700008036928
0x0000700008036930:   000000011e7f12e5 0000700008036990
0x0000700008036940:   000000011e7f2070 0000000000000000
0x0000700008036950:   000000011e7f12f0 0000000000000000
0x0000700008036960:   0000700008036978 00007000080369d8
0x0000700008036970:   00000007a09f3110 0000000000000001
0x0000700008036980:   0000000000000001 0000000000000000
0x0000700008036990:   0000700008036980 000000011e7f10bc
0x00007000080369a0:   00007000080369f0 000000011e7f2070
0x00007000080369b0:   0000700008036a38 000000010a13f41e 

Instructions: (pc=0x00000001027b5e92)
0x00000001027b5e72:   49 8b 7f 38 e8 5b 1b 00 00 4d 89 77 38 49 89 5f
0x00000001027b5e82:   40 4c 89 f0 48 85 c0 0f 84 11 05 00 00 48 89 c3
0x00000001027b5e92:   0f b6 43 0c 0f b6 4b 0d 48 c1 e1 08 48 01 c1 0f
0x00000001027b5ea2:   b6 43 0e 0f b6 53 0f 48 c1 e2 08 48 01 c2 48 c1 

Register to memory mapping:

RAX=0x00007f8dcb561000 is an unknown value
RBX=0x000000011b29988c is an unknown value
RCX=0x0000000000000001 is an unknown value
RDX=0x0000000000000c00 is an unknown value
RSP=0x00007000080367c0 is pointing into the stack for thread: 0x00007f8dc78d8800
RBP=0x0000700008036820 is pointing into the stack for thread: 0x00007f8dc78d8800
RSI=0x0000000000080000 is an unknown value
RDI=0x0000000000000cc9 is an unknown value
R8 =0x0000000000000048 is an unknown value
R9 =0x00007f8dcb4cc8e0 is an unknown value
R10=0x00000000fff80000 is an unknown value
R11=0x00006ff86761d4c6 is an unknown value
R12=0x00007f8dcb561140 is an unknown value
R13=0x0000000000000040 is an unknown value
R14=0x00000000147242ab is an unknown value
R15=0x00007f8dcb65e370 is an unknown value


Stack: [0x0000700007f3a000,0x000070000803a000],  sp=0x00007000080367c0,  free space=1009k
Native frames: (J=compiled Java code, j=interpreted, Vv=VM code, C=native code)
C  [libzip.dylib+0x2e92]  newEntry+0x154
C  [libzip.dylib+0x352d]  ZIP_GetEntry2+0xd4
C  [libzip.dylib+0x2238]  Java_java_util_zip_ZipFile_getEntry+0xcf
J 415  java.util.zip.ZipFile.getEntry(J[BZ)J (0 bytes) @ 0x000000010a33d50e [0x000000010a33d440+0xce]
j  java.util.zip.ZipFile.getInputStream(Ljava/util/zip/ZipEntry;)Ljava/io/InputStream;+88
j  org.apache.poi.openxml4j.util.ZipSecureFile.getInputStream(Ljava/util/zip/ZipEntry;)Ljava/io/InputStream;+2
j  org.apache.poi.openxml4j.util.ZipFileZipEntrySource.getInputStream(Ljava/util/zip/ZipEntry;)Ljava/io/InputStream;+22
j  org.apache.poi.openxml4j.opc.ZipPackagePart.getInputStreamImpl()Ljava/io/InputStream;+14
j  org.apache.poi.openxml4j.opc.PackagePart.getInputStream()Ljava/io/InputStream;+1
j  org.apache.poi.openxml4j.opc.internal.marshallers.ZipPartMarshaller.marshall(Lorg/apache/poi/openxml4j/opc/PackagePart;Ljava/io/OutputStream;)Z+121
j  org.apache.poi.openxml4j.opc.ZipPackagePart.save(Ljava/io/OutputStream;)Z+9
j  org.apache.poi.openxml4j.opc.internal.marshallers.DefaultMarshaller.marshall(Lorg/apache/poi/openxml4j/opc/PackagePart;Ljava/io/OutputStream;)Z+2
j  org.apache.poi.openxml4j.opc.ZipPackage.saveImpl(Ljava/io/OutputStream;)V+380
j  org.apache.poi.openxml4j.opc.OPCPackage.save(Ljava/io/OutputStream;)V+6
j  org.apache.poi.openxml4j.opc.OPCPackage.save(Ljava/io/File;)V+64
j  org.apache.poi.openxml4j.opc.ZipPackage.closeImpl()V+71
j  org.apache.poi.openxml4j.opc.OPCPackage.close()V+138
j  org.apache.poi.POIXMLDocument.close()V+34
j  com.sapient.fee.calculator.utils.ExcelReader.get_data()Lorg/apache/poi/ss/usermodel/Sheet;+151
j  com.sapient.fee.calculator.controllers.FeeController.index()Ljava/lang/String;+0
v  ~StubRoutines::call_stub
V  [libjvm.dylib+0x2ee5b6]  JavaCalls::call_helper(JavaValue*, methodHandle*, JavaCallArguments*, Thread*)+0x6ae
V  [libjvm.dylib+0x4d3488]  Reflection::invoke(instanceKlassHandle, methodHandle, Handle, bool, objArrayHandle, BasicType, objArrayHandle, bool, Thread*)+0xe12
V  [libjvm.dylib+0x4d39bc]  Reflection::invoke_method(oopDesc*, Handle, objArrayHandle, Thread*)+0x16c
V  [libjvm.dylib+0x3469b8]  JVM_InvokeMethod+0x166
J 1467  sun.reflect.NativeMethodAccessorImpl.invoke0(Ljava/lang/reflect/Method;Ljava/lang/Object;[Ljava/lang/Object;)Ljava/lang/Object; (0 bytes) @ 0x000000010a68c2ed [0x000000010a68c200+0xed]
J 1466 C1 sun.reflect.NativeMethodAccessorImpl.invoke(Ljava/lang/Object;[Ljava/lang/Object;)Ljava/lang/Object; (104 bytes) @ 0x000000010a68b9bc [0x000000010a68b5e0+0x3dc]
J 3599 C2 sun.reflect.DelegatingMethodAccessorImpl.invoke(Ljava/lang/Object;[Ljava/lang/Object;)Ljava/lang/Object; (10 bytes) @ 0x000000010a2df128 [0x000000010a2df0e0+0x48]
J 3649 C1 java.lang.reflect.Method.invoke(Ljava/lang/Object;[Ljava/lang/Object;)Ljava/lang/Object; (62 bytes) @ 0x000000010a549d5c [0x000000010a549960+0x3fc]
j  org.springframework.web.method.support.InvocableHandlerMethod.doInvoke([Ljava/lang/Object;)Ljava/lang/Object;+16
j  org.springframework.web.method.support.InvocableHandlerMethod.invokeForRequest(Lorg/springframework/web/context/request/NativeWebRequest;Lorg/springframework/web/method/support/ModelAndViewContainer;[Ljava/lang/Object;)Ljava/lang/Object;+75
j  org.springframework.web.servlet.mvc.method.annotation.ServletInvocableHandlerMethod.invokeAndHandle(Lorg/springframework/web/context/request/ServletWebRequest;Lorg/springframework/web/method/support/ModelAndViewContainer;[Ljava/lang/Object;)V+4
j  org.springframework.web.servlet.mvc.method.annotation.RequestMappingHandlerAdapter.invokeHandlerMethod(Ljavax/servlet/http/HttpServletRequest;Ljavax/servlet/http/HttpServletResponse;Lorg/springframework/web/method/HandlerMethod;)Lorg/springframework/web/servlet/ModelAndView;+262
j  org.springframework.web.servlet.mvc.method.annotation.RequestMappingHandlerAdapter.handleInternal(Ljavax/servlet/http/HttpServletRequest;Ljavax/servlet/http/HttpServletResponse;Lorg/springframework/web/method/HandlerMethod;)Lorg/springframework/web/servlet/ModelAndView;+81
j  org.springframework.web.servlet.mvc.method.AbstractHandlerMethodAdapter.handle(Ljavax/servlet/http/HttpServletRequest;Ljavax/servlet/http/HttpServletResponse;Ljava/lang/Object;)Lorg/springframework/web/servlet/ModelAndView;+7
j  org.springframework.web.servlet.DispatcherServlet.doDispatch(Ljavax/servlet/http/HttpServletRequest;Ljavax/servlet/http/HttpServletResponse;)V+318
j  org.springframework.web.servlet.DispatcherServlet.doService(Ljavax/servlet/http/HttpServletRequest;Ljavax/servlet/http/HttpServletResponse;)V+301
j  org.springframework.web.servlet.FrameworkServlet.processRequest(Ljavax/servlet/http/HttpServletRequest;Ljavax/servlet/http/HttpServletResponse;)V+71
j  org.springframework.web.servlet.FrameworkServlet.doGet(Ljavax/servlet/http/HttpServletRequest;Ljavax/servlet/http/HttpServletResponse;)V+3
j  javax.servlet.http.HttpServlet.service(Ljavax/servlet/http/HttpServletRequest;Ljavax/servlet/http/HttpServletResponse;)V+35
j  org.springframework.web.servlet.FrameworkServlet.service(Ljavax/servlet/http/HttpServletRequest;Ljavax/servlet/http/HttpServletResponse;)V+33
j  javax.servlet.http.HttpServlet.service(Ljavax/servlet/ServletRequest;Ljavax/servlet/ServletResponse;)V+30
j  org.apache.catalina.core.ApplicationFilterChain.internalDoFilter(Ljavax/servlet/ServletRequest;Ljavax/servlet/ServletResponse;)V+304
j  org.apache.catalina.core.ApplicationFilterChain.doFilter(Ljavax/servlet/ServletRequest;Ljavax/servlet/ServletResponse;)V+101
j  org.apache.tomcat.websocket.server.WsFilter.doFilter(Ljavax/servlet/ServletRequest;Ljavax/servlet/ServletResponse;Ljavax/servlet/FilterChain;)V+21
j  org.apache.catalina.core.ApplicationFilterChain.internalDoFilter(Ljavax/servlet/ServletRequest;Ljavax/servlet/ServletResponse;)V+135
j  org.apache.catalina.core.ApplicationFilterChain.doFilter(Ljavax/servlet/ServletRequest;Ljavax/servlet/ServletResponse;)V+101
j  org.springframework.web.filter.RequestContextFilter.doFilterInternal(Ljavax/servlet/http/HttpServletRequest;Ljavax/servlet/http/HttpServletResponse;Ljavax/servlet/FilterChain;)V+21
j  org.springframework.web.filter.OncePerRequestFilter.doFilter(Ljavax/servlet/ServletRequest;Ljavax/servlet/ServletResponse;Ljavax/servlet/FilterChain;)V+111
j  org.apache.catalina.core.ApplicationFilterChain.internalDoFilter(Ljavax/servlet/ServletRequest;Ljavax/servlet/ServletResponse;)V+135
j  org.apache.catalina.core.ApplicationFilterChain.doFilter(Ljavax/servlet/ServletRequest;Ljavax/servlet/ServletResponse;)V+101
j  org.springframework.web.filter.HttpPutFormContentFilter.doFilterInternal(Ljavax/servlet/http/HttpServletRequest;Ljavax/servlet/http/HttpServletResponse;Ljavax/servlet/FilterChain;)V+95
j  org.springframework.web.filter.OncePerRequestFilter.doFilter(Ljavax/servlet/ServletRequest;Ljavax/servlet/ServletResponse;Ljavax/servlet/FilterChain;)V+111
j  org.apache.catalina.core.ApplicationFilterChain.internalDoFilter(Ljavax/servlet/ServletRequest;Ljavax/servlet/ServletResponse;)V+135
j  org.apache.catalina.core.ApplicationFilterChain.doFilter(Ljavax/servlet/ServletRequest;Ljavax/servlet/ServletResponse;)V+101
j  org.springframework.web.filter.HiddenHttpMethodFilter.doFilterInternal(Ljavax/servlet/http/HttpServletRequest;Ljavax/servlet/http/HttpServletResponse;Ljavax/servlet/FilterChain;)V+64
j  org.springframework.web.filter.OncePerRequestFilter.doFilter(Ljavax/servlet/ServletRequest;Ljavax/servlet/ServletResponse;Ljavax/servlet/FilterChain;)V+111
j  org.apache.catalina.core.ApplicationFilterChain.internalDoFilter(Ljavax/servlet/ServletRequest;Ljavax/servlet/ServletResponse;)V+135
j  org.apache.catalina.core.ApplicationFilterChain.doFilter(Ljavax/servlet/ServletRequest;Ljavax/servlet/ServletResponse;)V+101
j  org.springframework.web.filter.CharacterEncodingFilter.doFilterInternal(Ljavax/servlet/http/HttpServletRequest;Ljavax/servlet/http/HttpServletResponse;Ljavax/servlet/FilterChain;)V+53
j  org.springframework.web.filter.OncePerRequestFilter.doFilter(Ljavax/servlet/ServletRequest;Ljavax/servlet/ServletResponse;Ljavax/servlet/FilterChain;)V+111
j  org.apache.catalina.core.ApplicationFilterChain.internalDoFilter(Ljavax/servlet/ServletRequest;Ljavax/servlet/ServletResponse;)V+135
j  org.apache.catalina.core.ApplicationFilterChain.doFilter(Ljavax/servlet/ServletRequest;Ljavax/servlet/ServletResponse;)V+101
j  org.apache.catalina.core.StandardWrapperValve.invoke(Lorg/apache/catalina/connector/Request;Lorg/apache/catalina/connector/Response;)V+688
j  org.apache.catalina.core.StandardContextValve.invoke(Lorg/apache/catalina/connector/Request;Lorg/apache/catalina/connector/Response;)V+166
j  org.apache.catalina.authenticator.AuthenticatorBase.invoke(Lorg/apache/catalina/connector/Request;Lorg/apache/catalina/connector/Response;)V+272
j  org.apache.catalina.core.StandardHostValve.invoke(Lorg/apache/catalina/connector/Request;Lorg/apache/catalina/connector/Response;)V+138
j  org.apache.catalina.valves.ErrorReportValve.invoke(Lorg/apache/catalina/connector/Request;Lorg/apache/catalina/connector/Response;)V+6
j  org.apache.catalina.core.StandardEngineValve.invoke(Lorg/apache/catalina/connector/Request;Lorg/apache/catalina/connector/Response;)V+71
j  org.apache.catalina.connector.CoyoteAdapter.service(Lorg/apache/coyote/Request;Lorg/apache/coyote/Response;)V+199
j  org.apache.coyote.http11.Http11Processor.service(Lorg/apache/tomcat/util/net/SocketWrapperBase;)Lorg/apache/tomcat/util/net/AbstractEndpoint$Handler$SocketState;+806
j  org.apache.coyote.AbstractProcessorLight.process(Lorg/apache/tomcat/util/net/SocketWrapperBase;Lorg/apache/tomcat/util/net/SocketEvent;)Lorg/apache/tomcat/util/net/AbstractEndpoint$Handler$SocketState;+113
j  org.apache.coyote.AbstractProtocol$ConnectionHandler.process(Lorg/apache/tomcat/util/net/SocketWrapperBase;Lorg/apache/tomcat/util/net/SocketEvent;)Lorg/apache/tomcat/util/net/AbstractEndpoint$Handler$SocketState;+378
j  org.apache.tomcat.util.net.NioEndpoint$SocketProcessor.doRun()V+191
j  org.apache.tomcat.util.net.SocketProcessorBase.run()V+21
j  java.util.concurrent.ThreadPoolExecutor.runWorker(Ljava/util/concurrent/ThreadPoolExecutor$Worker;)V+95
j  java.util.concurrent.ThreadPoolExecutor$Worker.run()V+5
j  org.apache.tomcat.util.threads.TaskThread$WrappingRunnable.run()V+4
j  java.lang.Thread.run()V+11
v  ~StubRoutines::call_stub
V  [libjvm.dylib+0x2ee5b6]  JavaCalls::call_helper(JavaValue*, methodHandle*, JavaCallArguments*, Thread*)+0x6ae
V  [libjvm.dylib+0x2eed5a]  JavaCalls::call_virtual(JavaValue*, KlassHandle, Symbol*, Symbol*, JavaCallArguments*, Thread*)+0x164
V  [libjvm.dylib+0x2eef06]  JavaCalls::call_virtual(JavaValue*, Handle, KlassHandle, Symbol*, Symbol*, Thread*)+0x4a
V  [libjvm.dylib+0x34965d]  thread_entry(JavaThread*, Thread*)+0x7c
V  [libjvm.dylib+0x56b87f]  JavaThread::thread_main_inner()+0x9b
V  [libjvm.dylib+0x56cf6c]  JavaThread::run()+0x1c2
V  [libjvm.dylib+0x48b376]  java_start(Thread*)+0xf6
C  [libsystem_pthread.dylib+0x393b]  _pthread_body+0xb4
C  [libsystem_pthread.dylib+0x3887]  _pthread_body+0x0
C  [libsystem_pthread.dylib+0x308d]  thread_start+0xd
C  0x0000000000000000

Java frames: (J=compiled Java code, j=interpreted, Vv=VM code)
J 415  java.util.zip.ZipFile.getEntry(J[BZ)J (0 bytes) @ 0x000000010a33d498 [0x000000010a33d440+0x58]
j  java.util.zip.ZipFile.getInputStream(Ljava/util/zip/ZipEntry;)Ljava/io/InputStream;+88
j  org.apache.poi.openxml4j.util.ZipSecureFile.getInputStream(Ljava/util/zip/ZipEntry;)Ljava/io/InputStream;+2
j  org.apache.poi.openxml4j.util.ZipFileZipEntrySource.getInputStream(Ljava/util/zip/ZipEntry;)Ljava/io/InputStream;+22
j  org.apache.poi.openxml4j.opc.ZipPackagePart.getInputStreamImpl()Ljava/io/InputStream;+14
j  org.apache.poi.openxml4j.opc.PackagePart.getInputStream()Ljava/io/InputStream;+1
j  org.apache.poi.openxml4j.opc.internal.marshallers.ZipPartMarshaller.marshall(Lorg/apache/poi/openxml4j/opc/PackagePart;Ljava/io/OutputStream;)Z+121
j  org.apache.poi.openxml4j.opc.ZipPackagePart.save(Ljava/io/OutputStream;)Z+9
j  org.apache.poi.openxml4j.opc.internal.marshallers.DefaultMarshaller.marshall(Lorg/apache/poi/openxml4j/opc/PackagePart;Ljava/io/OutputStream;)Z+2
j  org.apache.poi.openxml4j.opc.ZipPackage.saveImpl(Ljava/io/OutputStream;)V+380
j  org.apache.poi.openxml4j.opc.OPCPackage.save(Ljava/io/OutputStream;)V+6
j  org.apache.poi.openxml4j.opc.OPCPackage.save(Ljava/io/File;)V+64
j  org.apache.poi.openxml4j.opc.ZipPackage.closeImpl()V+71
j  org.apache.poi.openxml4j.opc.OPCPackage.close()V+138
j  org.apache.poi.POIXMLDocument.close()V+34
j  com.sapient.fee.calculator.utils.ExcelReader.get_data()Lorg/apache/poi/ss/usermodel/Sheet;+151
j  com.sapient.fee.calculator.controllers.FeeController.index()Ljava/lang/String;+0
v  ~StubRoutines::call_stub
J 1467  sun.reflect.NativeMethodAccessorImpl.invoke0(Ljava/lang/reflect/Method;Ljava/lang/Object;[Ljava/lang/Object;)Ljava/lang/Object; (0 bytes) @ 0x000000010a68c277 [0x000000010a68c200+0x77]
J 1466 C1 sun.reflect.NativeMethodAccessorImpl.invoke(Ljava/lang/Object;[Ljava/lang/Object;)Ljava/lang/Object; (104 bytes) @ 0x000000010a68b9bc [0x000000010a68b5e0+0x3dc]
J 3599 C2 sun.reflect.DelegatingMethodAccessorImpl.invoke(Ljava/lang/Object;[Ljava/lang/Object;)Ljava/lang/Object; (10 bytes) @ 0x000000010a2df128 [0x000000010a2df0e0+0x48]
J 3649 C1 java.lang.reflect.Method.invoke(Ljava/lang/Object;[Ljava/lang/Object;)Ljava/lang/Object; (62 bytes) @ 0x000000010a549d5c [0x000000010a549960+0x3fc]
j  org.springframework.web.method.support.InvocableHandlerMethod.doInvoke([Ljava/lang/Object;)Ljava/lang/Object;+16
j  org.springframework.web.method.support.InvocableHandlerMethod.invokeForRequest(Lorg/springframework/web/context/request/NativeWebRequest;Lorg/springframework/web/method/support/ModelAndViewContainer;[Ljava/lang/Object;)Ljava/lang/Object;+75
j  org.springframework.web.servlet.mvc.method.annotation.ServletInvocableHandlerMethod.invokeAndHandle(Lorg/springframework/web/context/request/ServletWebRequest;Lorg/springframework/web/method/support/ModelAndViewContainer;[Ljava/lang/Object;)V+4
j  org.springframework.web.servlet.mvc.method.annotation.RequestMappingHandlerAdapter.invokeHandlerMethod(Ljavax/servlet/http/HttpServletRequest;Ljavax/servlet/http/HttpServletResponse;Lorg/springframework/web/method/HandlerMethod;)Lorg/springframework/web/servlet/ModelAndView;+262
j  org.springframework.web.servlet.mvc.method.annotation.RequestMappingHandlerAdapter.handleInternal(Ljavax/servlet/http/HttpServletRequest;Ljavax/servlet/http/HttpServletResponse;Lorg/springframework/web/method/HandlerMethod;)Lorg/springframework/web/servlet/ModelAndView;+81
j  org.springframework.web.servlet.mvc.method.AbstractHandlerMethodAdapter.handle(Ljavax/servlet/http/HttpServletRequest;Ljavax/servlet/http/HttpServletResponse;Ljava/lang/Object;)Lorg/springframework/web/servlet/ModelAndView;+7
j  org.springframework.web.servlet.DispatcherServlet.doDispatch(Ljavax/servlet/http/HttpServletRequest;Ljavax/servlet/http/HttpServletResponse;)V+318
j  org.springframework.web.servlet.DispatcherServlet.doService(Ljavax/servlet/http/HttpServletRequest;Ljavax/servlet/http/HttpServletResponse;)V+301
j  org.springframework.web.servlet.FrameworkServlet.processRequest(Ljavax/servlet/http/HttpServletRequest;Ljavax/servlet/http/HttpServletResponse;)V+71
j  org.springframework.web.servlet.FrameworkServlet.doGet(Ljavax/servlet/http/HttpServletRequest;Ljavax/servlet/http/HttpServletResponse;)V+3
j  javax.servlet.http.HttpServlet.service(Ljavax/servlet/http/HttpServletRequest;Ljavax/servlet/http/HttpServletResponse;)V+35
j  org.springframework.web.servlet.FrameworkServlet.service(Ljavax/servlet/http/HttpServletRequest;Ljavax/servlet/http/HttpServletResponse;)V+33
j  javax.servlet.http.HttpServlet.service(Ljavax/servlet/ServletRequest;Ljavax/servlet/ServletResponse;)V+30
j  org.apache.catalina.core.ApplicationFilterChain.internalDoFilter(Ljavax/servlet/ServletRequest;Ljavax/servlet/ServletResponse;)V+304
j  org.apache.catalina.core.ApplicationFilterChain.doFilter(Ljavax/servlet/ServletRequest;Ljavax/servlet/ServletResponse;)V+101
j  org.apache.tomcat.websocket.server.WsFilter.doFilter(Ljavax/servlet/ServletRequest;Ljavax/servlet/ServletResponse;Ljavax/servlet/FilterChain;)V+21
j  org.apache.catalina.core.ApplicationFilterChain.internalDoFilter(Ljavax/servlet/ServletRequest;Ljavax/servlet/ServletResponse;)V+135
j  org.apache.catalina.core.ApplicationFilterChain.doFilter(Ljavax/servlet/ServletRequest;Ljavax/servlet/ServletResponse;)V+101
j  org.springframework.web.filter.RequestContextFilter.doFilterInternal(Ljavax/servlet/http/HttpServletRequest;Ljavax/servlet/http/HttpServletResponse;Ljavax/servlet/FilterChain;)V+21
j  org.springframework.web.filter.OncePerRequestFilter.doFilter(Ljavax/servlet/ServletRequest;Ljavax/servlet/ServletResponse;Ljavax/servlet/FilterChain;)V+111
j  org.apache.catalina.core.ApplicationFilterChain.internalDoFilter(Ljavax/servlet/ServletRequest;Ljavax/servlet/ServletResponse;)V+135
j  org.apache.catalina.core.ApplicationFilterChain.doFilter(Ljavax/servlet/ServletRequest;Ljavax/servlet/ServletResponse;)V+101
j  org.springframework.web.filter.HttpPutFormContentFilter.doFilterInternal(Ljavax/servlet/http/HttpServletRequest;Ljavax/servlet/http/HttpServletResponse;Ljavax/servlet/FilterChain;)V+95
j  org.springframework.web.filter.OncePerRequestFilter.doFilter(Ljavax/servlet/ServletRequest;Ljavax/servlet/ServletResponse;Ljavax/servlet/FilterChain;)V+111
j  org.apache.catalina.core.ApplicationFilterChain.internalDoFilter(Ljavax/servlet/ServletRequest;Ljavax/servlet/ServletResponse;)V+135
j  org.apache.catalina.core.ApplicationFilterChain.doFilter(Ljavax/servlet/ServletRequest;Ljavax/servlet/ServletResponse;)V+101
j  org.springframework.web.filter.HiddenHttpMethodFilter.doFilterInternal(Ljavax/servlet/http/HttpServletRequest;Ljavax/servlet/http/HttpServletResponse;Ljavax/servlet/FilterChain;)V+64
j  org.springframework.web.filter.OncePerRequestFilter.doFilter(Ljavax/servlet/ServletRequest;Ljavax/servlet/ServletResponse;Ljavax/servlet/FilterChain;)V+111
j  org.apache.catalina.core.ApplicationFilterChain.internalDoFilter(Ljavax/servlet/ServletRequest;Ljavax/servlet/ServletResponse;)V+135
j  org.apache.catalina.core.ApplicationFilterChain.doFilter(Ljavax/servlet/ServletRequest;Ljavax/servlet/ServletResponse;)V+101
j  org.springframework.web.filter.CharacterEncodingFilter.doFilterInternal(Ljavax/servlet/http/HttpServletRequest;Ljavax/servlet/http/HttpServletResponse;Ljavax/servlet/FilterChain;)V+53
j  org.springframework.web.filter.OncePerRequestFilter.doFilter(Ljavax/servlet/ServletRequest;Ljavax/servlet/ServletResponse;Ljavax/servlet/FilterChain;)V+111
j  org.apache.catalina.core.ApplicationFilterChain.internalDoFilter(Ljavax/servlet/ServletRequest;Ljavax/servlet/ServletResponse;)V+135
j  org.apache.catalina.core.ApplicationFilterChain.doFilter(Ljavax/servlet/ServletRequest;Ljavax/servlet/ServletResponse;)V+101
j  org.apache.catalina.core.StandardWrapperValve.invoke(Lorg/apache/catalina/connector/Request;Lorg/apache/catalina/connector/Response;)V+688
j  org.apache.catalina.core.StandardContextValve.invoke(Lorg/apache/catalina/connector/Request;Lorg/apache/catalina/connector/Response;)V+166
j  org.apache.catalina.authenticator.AuthenticatorBase.invoke(Lorg/apache/catalina/connector/Request;Lorg/apache/catalina/connector/Response;)V+272
j  org.apache.catalina.core.StandardHostValve.invoke(Lorg/apache/catalina/connector/Request;Lorg/apache/catalina/connector/Response;)V+138
j  org.apache.catalina.valves.ErrorReportValve.invoke(Lorg/apache/catalina/connector/Request;Lorg/apache/catalina/connector/Response;)V+6
j  org.apache.catalina.core.StandardEngineValve.invoke(Lorg/apache/catalina/connector/Request;Lorg/apache/catalina/connector/Response;)V+71
j  org.apache.catalina.connector.CoyoteAdapter.service(Lorg/apache/coyote/Request;Lorg/apache/coyote/Response;)V+199
j  org.apache.coyote.http11.Http11Processor.service(Lorg/apache/tomcat/util/net/SocketWrapperBase;)Lorg/apache/tomcat/util/net/AbstractEndpoint$Handler$SocketState;+806
j  org.apache.coyote.AbstractProcessorLight.process(Lorg/apache/tomcat/util/net/SocketWrapperBase;Lorg/apache/tomcat/util/net/SocketEvent;)Lorg/apache/tomcat/util/net/AbstractEndpoint$Handler$SocketState;+113
j  org.apache.coyote.AbstractProtocol$ConnectionHandler.process(Lorg/apache/tomcat/util/net/SocketWrapperBase;Lorg/apache/tomcat/util/net/SocketEvent;)Lorg/apache/tomcat/util/net/AbstractEndpoint$Handler$SocketState;+378
j  org.apache.tomcat.util.net.NioEndpoint$SocketProcessor.doRun()V+191
j  org.apache.tomcat.util.net.SocketProcessorBase.run()V+21
j  java.util.concurrent.ThreadPoolExecutor.runWorker(Ljava/util/concurrent/ThreadPoolExecutor$Worker;)V+95
j  java.util.concurrent.ThreadPoolExecutor$Worker.run()V+5
j  org.apache.tomcat.util.threads.TaskThread$WrappingRunnable.run()V+4
j  java.lang.Thread.run()V+11
v  ~StubRoutines::call_stub

---------------  P R O C E S S  ---------------

Java Threads: ( => current thread )
  0x00007f8dc8006800 JavaThread "DestroyJavaVM" [_thread_blocked, id=6915, stack(0x0000700006875000,0x0000700006975000)]
  0x00007f8dc8bf3000 JavaThread "http-nio-8080-AsyncTimeout" daemon [_thread_blocked, id=28419, stack(0x0000700008958000,0x0000700008a58000)]
  0x00007f8dc8912800 JavaThread "http-nio-8080-Acceptor-0" daemon [_thread_in_native, id=27907, stack(0x0000700008855000,0x0000700008955000)]
  0x00007f8dc79ba000 JavaThread "http-nio-8080-ClientPoller-1" daemon [_thread_in_native, id=27395, stack(0x0000700008752000,0x0000700008852000)]
  0x00007f8dca015800 JavaThread "http-nio-8080-ClientPoller-0" daemon [_thread_in_native, id=26883, stack(0x000070000864f000,0x000070000874f000)]
  0x00007f8dc8ff2000 JavaThread "http-nio-8080-exec-10" daemon [_thread_blocked, id=26371, stack(0x000070000854c000,0x000070000864c000)]
  0x00007f8dc8fc9800 JavaThread "http-nio-8080-exec-9" daemon [_thread_blocked, id=25859, stack(0x0000700008449000,0x0000700008549000)]
  0x00007f8dca6cb000 JavaThread "http-nio-8080-exec-8" daemon [_thread_blocked, id=25347, stack(0x0000700008346000,0x0000700008446000)]
  0x00007f8dc88a3800 JavaThread "http-nio-8080-exec-7" daemon [_thread_in_vm, id=24835, stack(0x0000700008243000,0x0000700008343000)]
  0x00007f8dc8e9d000 JavaThread "http-nio-8080-exec-6" daemon [_thread_in_native, id=24323, stack(0x0000700008140000,0x0000700008240000)]
  0x00007f8dca260000 JavaThread "http-nio-8080-exec-5" daemon [_thread_blocked, id=23811, stack(0x000070000803d000,0x000070000813d000)]
=>0x00007f8dc78d8800 JavaThread "http-nio-8080-exec-4" daemon [_thread_in_native, id=23299, stack(0x0000700007f3a000,0x000070000803a000)]
  0x00007f8dc71cd000 JavaThread "http-nio-8080-exec-3" daemon [_thread_in_Java, id=22787, stack(0x0000700007e37000,0x0000700007f37000)]
  0x00007f8dc79ea000 JavaThread "http-nio-8080-exec-2" daemon [_thread_in_native, id=22275, stack(0x0000700007d34000,0x0000700007e34000)]
  0x00007f8dca78b800 JavaThread "http-nio-8080-exec-1" daemon [_thread_in_native, id=21763, stack(0x0000700007c31000,0x0000700007d31000)]
  0x00007f8dc8972000 JavaThread "NioBlockingSelector.BlockPoller-1" daemon [_thread_in_native, id=21251, stack(0x0000700007b2e000,0x0000700007c2e000)]
  0x00007f8dc80e9800 JavaThread "Tomcat JDBC Pool Cleaner[868693306:1548263906581]" daemon [_thread_blocked, id=20739, stack(0x0000700007a2b000,0x0000700007b2b000)]
  0x00007f8dcc4c4000 JavaThread "container-0" [_thread_blocked, id=20231, stack(0x0000700007928000,0x0000700007a28000)]
  0x00007f8dc7d20000 JavaThread "ContainerBackgroundProcessor[StandardEngine[Tomcat]]" daemon [_thread_blocked, id=19719, stack(0x0000700007825000,0x0000700007925000)]
  0x00007f8dca89a800 JavaThread "localhost-startStop-1" daemon [_thread_blocked, id=3847, stack(0x0000700007722000,0x0000700007822000)]
  0x00007f8dca09a000 JavaThread "Tomcat-startStop-1" daemon [_thread_blocked, id=4359, stack(0x000070000676f000,0x000070000686f000)]
  0x00007f8dc8800000 JavaThread "Service Thread" daemon [_thread_blocked, id=18691, stack(0x000070000751c000,0x000070000761c000)]
  0x00007f8dc8080800 JavaThread "C1 CompilerThread2" daemon [_thread_blocked, id=18179, stack(0x0000700007419000,0x0000700007519000)]
  0x00007f8dc807f800 JavaThread "C2 CompilerThread1" daemon [_thread_in_native, id=17667, stack(0x0000700007316000,0x0000700007416000)]
  0x00007f8dc702f800 JavaThread "C2 CompilerThread0" daemon [_thread_in_native, id=17155, stack(0x0000700007213000,0x0000700007313000)]
  0x00007f8dc7052800 JavaThread "Signal Dispatcher" daemon [_thread_blocked, id=16643, stack(0x0000700007110000,0x0000700007210000)]
  0x00007f8dc8011000 JavaThread "Finalizer" daemon [_thread_blocked, id=12291, stack(0x0000700006f8a000,0x000070000708a000)]
  0x00007f8dc704c000 JavaThread "Reference Handler" daemon [_thread_blocked, id=11779, stack(0x0000700006e87000,0x0000700006f87000)]

Other Threads:
  0x00007f8dc7049800 VMThread [stack: 0x0000700006d84000,0x0000700006e84000] [id=11267]
  0x00007f8dc803f000 WatcherThread [stack: 0x000070000761f000,0x000070000771f000] [id=19203]

VM state:not at safepoint (normal execution)

VM Mutex/Monitor currently owned by a thread: None

Heap:
 PSYoungGen      total 210432K, used 204392K [0x0000000795580000, 0x00000007a6680000, 0x00000007c0000000)
  eden space 199680K, 98% used [0x0000000795580000,0x00000007a154f1e8,0x00000007a1880000)
  from space 10752K, 74% used [0x00000007a1880000,0x00000007a204af40,0x00000007a2300000)
  to   space 11264K, 0% used [0x00000007a5b80000,0x00000007a5b80000,0x00000007a6680000)
 ParOldGen       total 90624K, used 20888K [0x0000000740000000, 0x0000000745880000, 0x0000000795580000)
  object space 90624K, 23% used [0x0000000740000000,0x00000007414662b0,0x0000000745880000)
 Metaspace       used 51164K, capacity 51726K, committed 52224K, reserved 1095680K
  class space    used 6496K, capacity 6624K, committed 6656K, reserved 1048576K

Card table byte_map: [0x0000000104363000,0x0000000104764000] byte_map_base: 0x0000000100963000

Marking Bits: (ParMarkBitMap*) 0x00000001038f1ea0
 Begin Bits: [0x0000000104a0f000, 0x0000000106a0f000)
 End Bits:   [0x0000000106a0f000, 0x0000000108a0f000)

Polling page: 0x00000001027a9000

CodeCache: size=245760Kb used=13066Kb max_used=13214Kb free=232693Kb
 bounds [0x000000010a129000, 0x000000010ae29000, 0x0000000119129000]
 total_blobs=4488 nmethods=3977 adapters=424
 compilation: enabled

Compilation events (10 events):
Event: 16.056 Thread 0x00007f8dc8080800 4743       2       com.sun.org.apache.xml.internal.serializer.ToStream::escapingNotNeeded (51 bytes)
Event: 16.056 Thread 0x00007f8dc8080800 nmethod 4743 0x000000010a979290 code [0x000000010a979420, 0x000000010a9796b8]
Event: 16.056 Thread 0x00007f8dc8080800 4744       2       com.sun.org.apache.xml.internal.serializer.CharInfo::isSpecialAttrChar (20 bytes)
Event: 16.056 Thread 0x00007f8dc8080800 nmethod 4744 0x000000010a978e90 code [0x000000010a979000, 0x000000010a9791a8]
Event: 16.057 Thread 0x00007f8dc8080800 4739       2       java.util.Vector::<init> (49 bytes)
Event: 16.057 Thread 0x00007f8dc8080800 nmethod 4739 0x000000010a9785d0 code [0x000000010a978780, 0x000000010a978c18]
Event: 16.057 Thread 0x00007f8dc8080800 4740       2       java.util.Vector::<init> (7 bytes)
Event: 16.057 Thread 0x00007f8dc8080800 nmethod 4740 0x000000010a978250 code [0x000000010a9783c0, 0x000000010a978528]
Event: 16.057 Thread 0x00007f8dc8080800 4741       2       java.util.Vector::<init> (7 bytes)
Event: 16.057 Thread 0x00007f8dc8080800 nmethod 4741 0x000000010a977ed0 code [0x000000010a978040, 0x000000010a9781c8]

GC Heap History (10 events):
Event: 9.179 GC heap before
{Heap before GC invocations=11 (full 1):
 PSYoungGen      total 136192K, used 134635K [0x0000000795580000, 0x000000079f900000, 0x00000007c0000000)
  eden space 128512K, 100% used [0x0000000795580000,0x000000079d300000,0x000000079d300000)
  from space 7680K, 79% used [0x000000079d300000,0x000000079d8fadf0,0x000000079da80000)
  to   space 7680K, 0% used [0x000000079f180000,0x000000079f180000,0x000000079f900000)
 ParOldGen       total 54272K, used 7443K [0x0000000740000000, 0x0000000743500000, 0x0000000795580000)
  object space 54272K, 13% used [0x0000000740000000,0x0000000740744e20,0x0000000743500000)
 Metaspace       used 31102K, capacity 31550K, committed 31872K, reserved 1077248K
  class space    used 3855K, capacity 3950K, committed 3968K, reserved 1048576K
Event: 9.198 GC heap after
Heap after GC invocations=11 (full 1):
 PSYoungGen      total 156672K, used 7649K [0x0000000795580000, 0x00000007a1580000, 0x00000007c0000000)
  eden space 148992K, 0% used [0x0000000795580000,0x0000000795580000,0x000000079e700000)
  from space 7680K, 99% used [0x000000079f180000,0x000000079f8f86e0,0x000000079f900000)
  to   space 10752K, 0% used [0x000000079e700000,0x000000079e700000,0x000000079f180000)
 ParOldGen       total 54272K, used 13957K [0x0000000740000000, 0x0000000743500000, 0x0000000795580000)
  object space 54272K, 25% used [0x0000000740000000,0x0000000740da1658,0x0000000743500000)
 Metaspace       used 31102K, capacity 31550K, committed 31872K, reserved 1077248K
  class space    used 3855K, capacity 3950K, committed 3968K, reserved 1048576K
}
Event: 9.923 GC heap before
{Heap before GC invocations=12 (full 1):
 PSYoungGen      total 156672K, used 79214K [0x0000000795580000, 0x00000007a1580000, 0x00000007c0000000)
  eden space 148992K, 48% used [0x0000000795580000,0x0000000799b631a0,0x000000079e700000)
  from space 7680K, 99% used [0x000000079f180000,0x000000079f8f86e0,0x000000079f900000)
  to   space 10752K, 0% used [0x000000079e700000,0x000000079e700000,0x000000079f180000)
 ParOldGen       total 54272K, used 13957K [0x0000000740000000, 0x0000000743500000, 0x0000000795580000)
  object space 54272K, 25% used [0x0000000740000000,0x0000000740da1658,0x0000000743500000)
 Metaspace       used 34802K, capacity 35222K, committed 35496K, reserved 1081344K
  class space    used 4245K, capacity 4338K, committed 4352K, reserved 1048576K
Event: 9.940 GC heap after
Heap after GC invocations=12 (full 1):
 PSYoungGen      total 159744K, used 3584K [0x0000000795580000, 0x00000007a3400000, 0x00000007c0000000)
  eden space 148992K, 0% used [0x0000000795580000,0x0000000795580000,0x000000079e700000)
  from space 10752K, 33% used [0x000000079e700000,0x000000079ea80240,0x000000079f180000)
  to   space 10752K, 0% used [0x00000007a2980000,0x00000007a2980000,0x00000007a3400000)
 ParOldGen       total 54272K, used 21367K [0x0000000740000000, 0x0000000743500000, 0x0000000795580000)
  object space 54272K, 39% used [0x0000000740000000,0x00000007414ddcc0,0x0000000743500000)
 Metaspace       used 34802K, capacity 35222K, committed 35496K, reserved 1081344K
  class space    used 4245K, capacity 4338K, committed 4352K, reserved 1048576K
}
Event: 9.940 GC heap before
{Heap before GC invocations=13 (full 2):
 PSYoungGen      total 159744K, used 3584K [0x0000000795580000, 0x00000007a3400000, 0x00000007c0000000)
  eden space 148992K, 0% used [0x0000000795580000,0x0000000795580000,0x000000079e700000)
  from space 10752K, 33% used [0x000000079e700000,0x000000079ea80240,0x000000079f180000)
  to   space 10752K, 0% used [0x00000007a2980000,0x00000007a2980000,0x00000007a3400000)
 ParOldGen       total 54272K, used 21367K [0x0000000740000000, 0x0000000743500000, 0x0000000795580000)
  object space 54272K, 39% used [0x0000000740000000,0x00000007414ddcc0,0x0000000743500000)
 Metaspace       used 34802K, capacity 35222K, committed 35496K, reserved 1081344K
  class space    used 4245K, capacity 4338K, committed 4352K, reserved 1048576K
Event: 10.030 GC heap after
Heap after GC invocations=13 (full 2):
 PSYoungGen      total 159744K, used 0K [0x0000000795580000, 0x00000007a3400000, 0x00000007c0000000)
  eden space 148992K, 0% used [0x0000000795580000,0x0000000795580000,0x000000079e700000)
  from space 10752K, 0% used [0x000000079e700000,0x000000079e700000,0x000000079f180000)
  to   space 10752K, 0% used [0x00000007a2980000,0x00000007a2980000,0x00000007a3400000)
 ParOldGen       total 90624K, used 20104K [0x0000000740000000, 0x0000000745880000, 0x0000000795580000)
  object space 90624K, 22% used [0x0000000740000000,0x00000007413a22b0,0x0000000745880000)
 Metaspace       used 34802K, capacity 35222K, committed 35496K, reserved 1081344K
  class space    used 4245K, capacity 4338K, committed 4352K, reserved 1048576K
}
Event: 11.399 GC heap before
{Heap before GC invocations=14 (full 2):
 PSYoungGen      total 159744K, used 148992K [0x0000000795580000, 0x00000007a3400000, 0x00000007c0000000)
  eden space 148992K, 100% used [0x0000000795580000,0x000000079e700000,0x000000079e700000)
  from space 10752K, 0% used [0x000000079e700000,0x000000079e700000,0x000000079f180000)
  to   space 10752K, 0% used [0x00000007a2980000,0x00000007a2980000,0x00000007a3400000)
 ParOldGen       total 90624K, used 20104K [0x0000000740000000, 0x0000000745880000, 0x0000000795580000)
  object space 90624K, 22% used [0x0000000740000000,0x00000007413a22b0,0x0000000745880000)
 Metaspace       used 38439K, capacity 38940K, committed 39296K, reserved 1083392K
  class space    used 4849K, capacity 4979K, committed 4992K, reserved 1048576K
Event: 11.406 GC heap after
Heap after GC invocations=14 (full 2):
 PSYoungGen      total 200192K, used 3840K [0x0000000795580000, 0x00000007a2d80000, 0x00000007c0000000)
  eden space 196096K, 0% used [0x0000000795580000,0x0000000795580000,0x00000007a1500000)
  from space 4096K, 93% used [0x00000007a2980000,0x00000007a2d40260,0x00000007a2d80000)
  to   space 10752K, 0% used [0x00000007a1880000,0x00000007a1880000,0x00000007a2300000)
 ParOldGen       total 90624K, used 20112K [0x0000000740000000, 0x0000000745880000, 0x0000000795580000)
  object space 90624K, 22% used [0x0000000740000000,0x00000007413a42b0,0x0000000745880000)
 Metaspace       used 38439K, capacity 38940K, committed 39296K, reserved 1083392K
  class space    used 4849K, capacity 4979K, committed 4992K, reserved 1048576K
}
Event: 13.159 GC heap before
{Heap before GC invocations=15 (full 2):
 PSYoungGen      total 200192K, used 199936K [0x0000000795580000, 0x00000007a2d80000, 0x00000007c0000000)
  eden space 196096K, 100% used [0x0000000795580000,0x00000007a1500000,0x00000007a1500000)
  from space 4096K, 93% used [0x00000007a2980000,0x00000007a2d40260,0x00000007a2d80000)
  to   space 10752K, 0% used [0x00000007a1880000,0x00000007a1880000,0x00000007a2300000)
 ParOldGen       total 90624K, used 20112K [0x0000000740000000, 0x0000000745880000, 0x0000000795580000)
  object space 90624K, 22% used [0x0000000740000000,0x00000007413a42b0,0x0000000745880000)
 Metaspace       used 42744K, capacity 43260K, committed 43776K, reserved 1087488K
  class space    used 5433K, capacity 5561K, committed 5632K, reserved 1048576K
Event: 13.179 GC heap after
Heap after GC invocations=15 (full 2):
 PSYoungGen      total 210432K, used 7979K [0x0000000795580000, 0x00000007a6680000, 0x00000007c0000000)
  eden space 199680K, 0% used [0x0000000795580000,0x0000000795580000,0x00000007a1880000)
  from space 10752K, 74% used [0x00000007a1880000,0x00000007a204af40,0x00000007a2300000)
  to   space 11264K, 0% used [0x00000007a5b80000,0x00000007a5b80000,0x00000007a6680000)
 ParOldGen       total 90624K, used 20888K [0x0000000740000000, 0x0000000745880000, 0x0000000795580000)
  object space 90624K, 23% used [0x0000000740000000,0x00000007414662b0,0x0000000745880000)
 Metaspace       used 42744K, capacity 43260K, committed 43776K, reserved 1087488K
  class space    used 5433K, capacity 5561K, committed 5632K, reserved 1048576K
}

Deoptimization events (10 events):
Event: 15.977 Thread 0x00007f8dca78b800 Uncommon trap: reason=unstable_if action=reinterpret pc=0x000000010a8a8b50 method=org.apache.xmlbeans.impl.store.Cur.moveToNoCheck(Lorg/apache/xmlbeans/impl/store/Xobj;I)V @ 5
Event: 15.977 Thread 0x00007f8dc88a3800 Uncommon trap: reason=unstable_if action=reinterpret pc=0x000000010a8a8b50 method=org.apache.xmlbeans.impl.store.Cur.moveToNoCheck(Lorg/apache/xmlbeans/impl/store/Xobj;I)V @ 5
Event: 16.007 Thread 0x00007f8dca260000 Uncommon trap: reason=class_check action=maybe_recompile pc=0x000000010ab3ce58 method=java.util.AbstractList$Itr.hasNext()Z @ 8
Event: 16.007 Thread 0x00007f8dca260000 Uncommon trap: reason=class_check action=maybe_recompile pc=0x000000010ab36a60 method=java.util.AbstractList$Itr.next()Ljava/lang/Object; @ 14
Event: 16.013 Thread 0x00007f8dca78b800 Uncommon trap: reason=class_check action=maybe_recompile pc=0x000000010a7d9ffc method=com.sun.org.apache.xerces.internal.dom.NodeImpl.ownerDocument()Lcom/sun/org/apache/xerces/internal/dom/CoreDocumentImpl; @ 19
Event: 16.013 Thread 0x00007f8dca78b800 Uncommon trap: reason=class_check action=maybe_recompile pc=0x000000010a7d9ffc method=com.sun.org.apache.xerces.internal.dom.NodeImpl.ownerDocument()Lcom/sun/org/apache/xerces/internal/dom/CoreDocumentImpl; @ 19
Event: 16.013 Thread 0x00007f8dc79ea000 Uncommon trap: reason=class_check action=maybe_recompile pc=0x000000010a7d9ffc method=com.sun.org.apache.xerces.internal.dom.NodeImpl.ownerDocument()Lcom/sun/org/apache/xerces/internal/dom/CoreDocumentImpl; @ 19
Event: 16.013 Thread 0x00007f8dc79ea000 Uncommon trap: reason=class_check action=maybe_recompile pc=0x000000010a7d9ffc method=com.sun.org.apache.xerces.internal.dom.NodeImpl.ownerDocument()Lcom/sun/org/apache/xerces/internal/dom/CoreDocumentImpl; @ 19
Event: 16.013 Thread 0x00007f8dc88a3800 Uncommon trap: reason=class_check action=maybe_recompile pc=0x000000010a7d9ffc method=com.sun.org.apache.xerces.internal.dom.NodeImpl.ownerDocument()Lcom/sun/org/apache/xerces/internal/dom/CoreDocumentImpl; @ 19
Event: 16.079 Thread 0x00007f8dc88a3800 Uncommon trap: reason=bimorphic action=maybe_recompile pc=0x000000010ab74858 method=java.lang.Throwable.<init>(Ljava/lang/String;Ljava/lang/Throwable;)V @ 24

Internal exceptions (10 events):
Event: 15.469 Thread 0x00007f8dc88a3800 Exception <a 'java/lang/IllegalArgumentException'> (0x000000079cb9eb60) thrown at [/Users/java_re/workspace/8-2-build-macosx-x86_64/jdk8u131/8869/hotspot/src/share/vm/prims/jvm.cpp, line 1394]
Event: 15.469 Thread 0x00007f8dca78b800 Exception <a 'java/lang/IllegalArgumentException'> (0x000000079d0c3920) thrown at [/Users/java_re/workspace/8-2-build-macosx-x86_64/jdk8u131/8869/hotspot/src/share/vm/prims/jvm.cpp, line 1394]
Event: 15.489 Thread 0x00007f8dca260000 Exception <a 'java/lang/IllegalArgumentException'> (0x000000079ecf4450) thrown at [/Users/java_re/workspace/8-2-build-macosx-x86_64/jdk8u131/8869/hotspot/src/share/vm/prims/jvm.cpp, line 1394]
Event: 15.489 Thread 0x00007f8dca78b800 Exception <a 'java/lang/IllegalArgumentException'> (0x000000079d0cb228) thrown at [/Users/java_re/workspace/8-2-build-macosx-x86_64/jdk8u131/8869/hotspot/src/share/vm/prims/jvm.cpp, line 1394]
Event: 15.489 Thread 0x00007f8dc8e9d000 Exception <a 'java/lang/IllegalArgumentException'> (0x000000079ec39868) thrown at [/Users/java_re/workspace/8-2-build-macosx-x86_64/jdk8u131/8869/hotspot/src/share/vm/prims/jvm.cpp, line 1394]
Event: 15.709 Thread 0x00007f8dc88a3800 Exception <a 'java/lang/IllegalArgumentException'> (0x000000079fdbabd8) thrown at [/Users/java_re/workspace/8-2-build-macosx-x86_64/jdk8u131/8869/hotspot/src/share/vm/prims/jvm.cpp, line 1394]
Event: 15.793 Thread 0x00007f8dc79ea000 Exception <a 'java/lang/IllegalArgumentException'> (0x00000007a043e308) thrown at [/Users/java_re/workspace/8-2-build-macosx-x86_64/jdk8u131/8869/hotspot/src/share/vm/prims/jvm.cpp, line 1394]
Event: 15.793 Thread 0x00007f8dc8e9d000 Exception <a 'java/lang/IllegalArgumentException'> (0x00000007a069f510) thrown at [/Users/java_re/workspace/8-2-build-macosx-x86_64/jdk8u131/8869/hotspot/src/share/vm/prims/jvm.cpp, line 1394]
Event: 15.793 Thread 0x00007f8dca78b800 Exception <a 'java/lang/IllegalArgumentException'> (0x00000007a0078e48) thrown at [/Users/java_re/workspace/8-2-build-macosx-x86_64/jdk8u131/8869/hotspot/src/share/vm/prims/jvm.cpp, line 1394]
Event: 16.079 Thread 0x00007f8dc88a3800 Exception <a 'java/util/zip/ZipException'> (0x00000007a146cfe0) thrown at [/Users/java_re/workspace/8-2-build-macosx-x86_64/jdk8u131/8869/hotspot/src/share/vm/prims/jni.cpp, line 709]

Events (10 events):
Event: 16.053 loading class com/sun/org/apache/xalan/internal/xsltc/trax/DOM2TO done
Event: 16.056 loading class com/sun/org/apache/xml/internal/serializer/WriterToASCI
Event: 16.056 loading class com/sun/org/apache/xml/internal/serializer/WriterToASCI done
Event: 16.069 loading class java/util/Vector$Itr
Event: 16.069 loading class java/util/Vector$Itr done
Event: 16.079 loading class java/util/zip/DataFormatException
Event: 16.079 loading class java/util/zip/DataFormatException done
Event: 16.079 Thread 0x00007f8dc88a3800 Uncommon trap: trap_request=0xffffffc6 fr.pc=0x000000010ab74858
Event: 16.079 Thread 0x00007f8dc88a3800 DEOPT PACKING pc=0x000000010ab74858 sp=0x000070000833ff70
Event: 16.079 Thread 0x00007f8dc88a3800 DEOPT UNPACKING pc=0x000000010a12e229 sp=0x000070000833ff40 mode 2


Dynamic libraries:
0x0000000017be0000 	/System/Library/Frameworks/Cocoa.framework/Versions/A/Cocoa
0x0000000017be0000 	/System/Library/Frameworks/Security.framework/Versions/A/Security
0x0000000017be0000 	/System/Library/Frameworks/ApplicationServices.framework/Versions/A/ApplicationServices
0x0000000017be0000 	/usr/lib/libz.1.dylib
0x0000000017be0000 	/usr/lib/libSystem.B.dylib
0x0000000017be0000 	/usr/lib/libobjc.A.dylib
0x0000000017be0000 	/System/Library/Frameworks/CoreFoundation.framework/Versions/A/CoreFoundation
0x0000000017be0000 	/System/Library/Frameworks/Foundation.framework/Versions/C/Foundation
0x0000000017be0000 	/System/Library/Frameworks/AppKit.framework/Versions/C/AppKit
0x0000000017be0000 	/System/Library/Frameworks/CoreData.framework/Versions/A/CoreData
0x0000000017be0000 	/System/Library/PrivateFrameworks/RemoteViewServices.framework/Versions/A/RemoteViewServices
0x0000000017be0000 	/System/Library/PrivateFrameworks/UIFoundation.framework/Versions/A/UIFoundation
0x0000000017be0000 	/System/Library/PrivateFrameworks/DFRFoundation.framework/Versions/A/DFRFoundation
0x0000000017be0000 	/usr/lib/libenergytrace.dylib
0x0000000017be0000 	/System/Library/PrivateFrameworks/SkyLight.framework/Versions/A/SkyLight
0x0000000017be0000 	/System/Library/Frameworks/CoreGraphics.framework/Versions/A/CoreGraphics
0x0000000017be0000 	/usr/lib/libScreenReader.dylib
0x0000000017be0000 	/System/Library/Frameworks/Accelerate.framework/Versions/A/Accelerate
0x0000000017be0000 	/System/Library/Frameworks/IOSurface.framework/Versions/A/IOSurface
0x0000000017be0000 	/System/Library/Frameworks/AudioToolbox.framework/Versions/A/AudioToolbox
0x0000000017be0000 	/System/Library/Frameworks/AudioUnit.framework/Versions/A/AudioUnit
0x0000000017be0000 	/System/Library/PrivateFrameworks/DataDetectorsCore.framework/Versions/A/DataDetectorsCore
0x0000000017be0000 	/System/Library/PrivateFrameworks/DesktopServicesPriv.framework/Versions/A/DesktopServicesPriv
0x0000000017be0000 	/System/Library/Frameworks/Carbon.framework/Versions/A/Frameworks/HIToolbox.framework/Versions/A/HIToolbox
0x0000000017be0000 	/usr/lib/libicucore.A.dylib
0x0000000017be0000 	/System/Library/Frameworks/QuartzCore.framework/Versions/A/QuartzCore
0x0000000017be0000 	/System/Library/Frameworks/Carbon.framework/Versions/A/Frameworks/SpeechRecognition.framework/Versions/A/SpeechRecognition
0x0000000017be0000 	/usr/lib/libauto.dylib
0x0000000017be0000 	/usr/lib/libxml2.2.dylib
0x0000000017be0000 	/System/Library/PrivateFrameworks/CoreUI.framework/Versions/A/CoreUI
0x0000000017be0000 	/System/Library/Frameworks/CoreAudio.framework/Versions/A/CoreAudio
0x0000000017be0000 	/System/Library/Frameworks/DiskArbitration.framework/Versions/A/DiskArbitration
0x0000000017be0000 	/usr/lib/liblangid.dylib
0x0000000017be0000 	/System/Library/PrivateFrameworks/MultitouchSupport.framework/Versions/A/MultitouchSupport
0x0000000017be0000 	/System/Library/Frameworks/IOKit.framework/Versions/A/IOKit
0x0000000017be0000 	/usr/lib/libDiagnosticMessagesClient.dylib
0x0000000017be0000 	/System/Library/Frameworks/CoreServices.framework/Versions/A/CoreServices
0x0000000017be0000 	/System/Library/PrivateFrameworks/PerformanceAnalysis.framework/Versions/A/PerformanceAnalysis
0x0000000017be0000 	/System/Library/PrivateFrameworks/GenerationalStorage.framework/Versions/A/GenerationalStorage
0x0000000017be0000 	/System/Library/Frameworks/OpenGL.framework/Versions/A/OpenGL
0x0000000017be0000 	/System/Library/Frameworks/CoreImage.framework/Versions/A/CoreImage
0x0000000017be0000 	/System/Library/Frameworks/CoreText.framework/Versions/A/CoreText
0x0000000017be0000 	/System/Library/Frameworks/ImageIO.framework/Versions/A/ImageIO
0x0000000017be0000 	/System/Library/PrivateFrameworks/Backup.framework/Versions/A/Backup
0x0000000017be0000 	/usr/lib/libarchive.2.dylib
0x0000000017be0000 	/System/Library/Frameworks/CFNetwork.framework/Versions/A/CFNetwork
0x0000000017be0000 	/System/Library/Frameworks/SystemConfiguration.framework/Versions/A/SystemConfiguration
0x0000000017be0000 	/usr/lib/libCRFSuite.dylib
0x0000000017be0000 	/usr/lib/libc++.1.dylib
0x0000000017be0000 	/usr/lib/libc++abi.dylib
0x0000000017be0000 	/usr/lib/system/libcache.dylib
0x0000000017be0000 	/usr/lib/system/libcommonCrypto.dylib
0x0000000017be0000 	/usr/lib/system/libcompiler_rt.dylib
0x0000000017be0000 	/usr/lib/system/libcopyfile.dylib
0x0000000017be0000 	/usr/lib/system/libcorecrypto.dylib
0x0000000017be0000 	/usr/lib/system/libdispatch.dylib
0x0000000017be0000 	/usr/lib/system/libdyld.dylib
0x0000000017be0000 	/usr/lib/system/libkeymgr.dylib
0x0000000017be0000 	/usr/lib/system/liblaunch.dylib
0x0000000017be0000 	/usr/lib/system/libmacho.dylib
0x0000000017be0000 	/usr/lib/system/libquarantine.dylib
0x0000000017be0000 	/usr/lib/system/libremovefile.dylib
0x0000000017be0000 	/usr/lib/system/libsystem_asl.dylib
0x0000000017be0000 	/usr/lib/system/libsystem_blocks.dylib
0x0000000017be0000 	/usr/lib/system/libsystem_c.dylib
0x0000000017be0000 	/usr/lib/system/libsystem_configuration.dylib
0x0000000017be0000 	/usr/lib/system/libsystem_coreservices.dylib
0x0000000017be0000 	/usr/lib/system/libsystem_coretls.dylib
0x0000000017be0000 	/usr/lib/system/libsystem_dnssd.dylib
0x0000000017be0000 	/usr/lib/system/libsystem_info.dylib
0x0000000017be0000 	/usr/lib/system/libsystem_kernel.dylib
0x0000000017be0000 	/usr/lib/system/libsystem_m.dylib
0x0000000017be0000 	/usr/lib/system/libsystem_malloc.dylib
0x0000000017be0000 	/usr/lib/system/libsystem_network.dylib
0x0000000017be0000 	/usr/lib/system/libsystem_networkextension.dylib
0x0000000017be0000 	/usr/lib/system/libsystem_notify.dylib
0x0000000017be0000 	/usr/lib/system/libsystem_platform.dylib
0x0000000017be0000 	/usr/lib/system/libsystem_pthread.dylib
0x0000000017be0000 	/usr/lib/system/libsystem_sandbox.dylib
0x0000000017be0000 	/usr/lib/system/libsystem_secinit.dylib
0x0000000017be0000 	/usr/lib/system/libsystem_symptoms.dylib
0x0000000017be0000 	/usr/lib/system/libsystem_trace.dylib
0x0000000017be0000 	/usr/lib/system/libunwind.dylib
0x0000000017be0000 	/usr/lib/system/libxpc.dylib
0x0000000017be0000 	/usr/lib/libbsm.0.dylib
0x0000000017be0000 	/usr/lib/system/libkxld.dylib
0x0000000017be0000 	/usr/lib/libcoretls.dylib
0x0000000017be0000 	/usr/lib/libcoretls_cfhelpers.dylib
0x0000000017be0000 	/usr/lib/libOpenScriptingUtil.dylib
0x0000000017be0000 	/usr/lib/libpam.2.dylib
0x0000000017be0000 	/usr/lib/libsqlite3.dylib
0x0000000017be0000 	/usr/lib/libxar.1.dylib
0x0000000017be0000 	/usr/lib/libbz2.1.0.dylib
0x0000000017be0000 	/usr/lib/liblzma.5.dylib
0x0000000017be0000 	/usr/lib/libnetwork.dylib
0x0000000017be0000 	/usr/lib/libpcap.A.dylib
0x0000000017be0000 	/System/Library/Frameworks/CoreServices.framework/Versions/A/Frameworks/FSEvents.framework/Versions/A/FSEvents
0x0000000017be0000 	/System/Library/Frameworks/CoreServices.framework/Versions/A/Frameworks/CarbonCore.framework/Versions/A/CarbonCore
0x0000000017be0000 	/System/Library/Frameworks/CoreServices.framework/Versions/A/Frameworks/Metadata.framework/Versions/A/Metadata
0x0000000017be0000 	/System/Library/Frameworks/CoreServices.framework/Versions/A/Frameworks/OSServices.framework/Versions/A/OSServices
0x0000000017be0000 	/System/Library/Frameworks/CoreServices.framework/Versions/A/Frameworks/SearchKit.framework/Versions/A/SearchKit
0x0000000017be0000 	/System/Library/Frameworks/CoreServices.framework/Versions/A/Frameworks/AE.framework/Versions/A/AE
0x0000000017be0000 	/System/Library/Frameworks/CoreServices.framework/Versions/A/Frameworks/LaunchServices.framework/Versions/A/LaunchServices
0x0000000017be0000 	/System/Library/Frameworks/CoreServices.framework/Versions/A/Frameworks/DictionaryServices.framework/Versions/A/DictionaryServices
0x0000000017be0000 	/System/Library/Frameworks/CoreServices.framework/Versions/A/Frameworks/SharedFileList.framework/Versions/A/SharedFileList
0x0000000017be0000 	/System/Library/Frameworks/NetFS.framework/Versions/A/NetFS
0x0000000017be0000 	/System/Library/PrivateFrameworks/NetAuth.framework/Versions/A/NetAuth
0x0000000017be0000 	/System/Library/PrivateFrameworks/login.framework/Versions/A/Frameworks/loginsupport.framework/Versions/A/loginsupport
0x0000000017be0000 	/System/Library/PrivateFrameworks/TCC.framework/Versions/A/TCC
0x0000000017be0000 	/usr/lib/libmecabra.dylib
0x0000000017be0000 	/System/Library/Frameworks/ApplicationServices.framework/Versions/A/Frameworks/ATS.framework/Versions/A/ATS
0x0000000017be0000 	/System/Library/Frameworks/ApplicationServices.framework/Versions/A/Frameworks/ColorSync.framework/Versions/A/ColorSync
0x0000000017be0000 	/System/Library/Frameworks/ApplicationServices.framework/Versions/A/Frameworks/HIServices.framework/Versions/A/HIServices
0x0000000017be0000 	/System/Library/Frameworks/ApplicationServices.framework/Versions/A/Frameworks/LangAnalysis.framework/Versions/A/LangAnalysis
0x0000000017be0000 	/System/Library/Frameworks/ApplicationServices.framework/Versions/A/Frameworks/PrintCore.framework/Versions/A/PrintCore
0x0000000017be0000 	/System/Library/Frameworks/ApplicationServices.framework/Versions/A/Frameworks/QD.framework/Versions/A/QD
0x0000000017be0000 	/System/Library/Frameworks/ApplicationServices.framework/Versions/A/Frameworks/SpeechSynthesis.framework/Versions/A/SpeechSynthesis
0x0000000017be0000 	/System/Library/Frameworks/Accelerate.framework/Versions/A/Frameworks/vImage.framework/Versions/A/vImage
0x0000000017be0000 	/System/Library/Frameworks/Accelerate.framework/Versions/A/Frameworks/vecLib.framework/Versions/A/vecLib
0x0000000017be0000 	/System/Library/Frameworks/Accelerate.framework/Versions/A/Frameworks/vecLib.framework/Versions/A/libvDSP.dylib
0x0000000017be0000 	/System/Library/Frameworks/Accelerate.framework/Versions/A/Frameworks/vecLib.framework/Versions/A/libBNNS.dylib
0x0000000017be0000 	/System/Library/Frameworks/Accelerate.framework/Versions/A/Frameworks/vecLib.framework/Versions/A/libQuadrature.dylib
0x0000000017be0000 	/System/Library/Frameworks/Accelerate.framework/Versions/A/Frameworks/vecLib.framework/Versions/A/libvMisc.dylib
0x0000000017be0000 	/System/Library/Frameworks/Accelerate.framework/Versions/A/Frameworks/vecLib.framework/Versions/A/libLAPACK.dylib
0x0000000017be0000 	/System/Library/Frameworks/Accelerate.framework/Versions/A/Frameworks/vecLib.framework/Versions/A/libBLAS.dylib
0x0000000017be0000 	/System/Library/Frameworks/Accelerate.framework/Versions/A/Frameworks/vecLib.framework/Versions/A/libLinearAlgebra.dylib
0x0000000017be0000 	/System/Library/Frameworks/Accelerate.framework/Versions/A/Frameworks/vecLib.framework/Versions/A/libSparseBLAS.dylib
0x0000000017be0000 	/System/Library/Frameworks/ApplicationServices.framework/Versions/A/Frameworks/ATS.framework/Versions/A/Resources/libFontParser.dylib
0x0000000017be0000 	/System/Library/Frameworks/ApplicationServices.framework/Versions/A/Frameworks/ATS.framework/Versions/A/Resources/libFontRegistry.dylib
0x0000000017be0000 	/System/Library/Frameworks/ImageIO.framework/Versions/A/Resources/libJPEG.dylib
0x0000000017be0000 	/System/Library/Frameworks/ImageIO.framework/Versions/A/Resources/libTIFF.dylib
0x0000000017be0000 	/System/Library/Frameworks/ImageIO.framework/Versions/A/Resources/libPng.dylib
0x0000000017be0000 	/System/Library/Frameworks/ImageIO.framework/Versions/A/Resources/libGIF.dylib
0x0000000017be0000 	/System/Library/Frameworks/ImageIO.framework/Versions/A/Resources/libJP2.dylib
0x0000000017be0000 	/System/Library/Frameworks/ImageIO.framework/Versions/A/Resources/libRadiance.dylib
0x0000000017be0000 	/usr/lib/libcompression.dylib
0x0000000017be0000 	/System/Library/PrivateFrameworks/AppleJPEG.framework/Versions/A/AppleJPEG
0x0000000017be0000 	/usr/lib/libcups.2.dylib
0x0000000017be0000 	/System/Library/Frameworks/Kerberos.framework/Versions/A/Kerberos
0x0000000017be0000 	/System/Library/Frameworks/GSS.framework/Versions/A/GSS
0x0000000017be0000 	/usr/lib/libresolv.9.dylib
0x0000000017be0000 	/usr/lib/libiconv.2.dylib
0x0000000017be0000 	/System/Library/PrivateFrameworks/Heimdal.framework/Versions/A/Heimdal
0x0000000017be0000 	/usr/lib/libheimdal-asn1.dylib
0x0000000017be0000 	/System/Library/Frameworks/OpenDirectory.framework/Versions/A/OpenDirectory
0x0000000017be0000 	/System/Library/PrivateFrameworks/CommonAuth.framework/Versions/A/CommonAuth
0x0000000017be0000 	/System/Library/Frameworks/OpenDirectory.framework/Versions/A/Frameworks/CFOpenDirectory.framework/Versions/A/CFOpenDirectory
0x0000000017be0000 	/System/Library/Frameworks/SecurityFoundation.framework/Versions/A/SecurityFoundation
0x0000000017be0000 	/System/Library/PrivateFrameworks/LanguageModeling.framework/Versions/A/LanguageModeling
0x0000000017be0000 	/usr/lib/libmarisa.dylib
0x0000000017be0000 	/usr/lib/libChineseTokenizer.dylib
0x0000000017be0000 	/usr/lib/libcmph.dylib
0x0000000017be0000 	/System/Library/PrivateFrameworks/CoreEmoji.framework/Versions/A/CoreEmoji
0x0000000017be0000 	/System/Library/Frameworks/ServiceManagement.framework/Versions/A/ServiceManagement
0x0000000017be0000 	/usr/lib/libxslt.1.dylib
0x0000000017be0000 	/System/Library/Frameworks/Carbon.framework/Versions/A/Frameworks/Ink.framework/Versions/A/Ink
0x0000000017be0000 	/System/Library/PrivateFrameworks/TextureIO.framework/Versions/A/TextureIO
0x0000000017be0000 	/System/Library/Frameworks/Metal.framework/Versions/A/Metal
0x0000000017be0000 	/usr/lib/libate.dylib
0x0000000017be0000 	/System/Library/PrivateFrameworks/GPUCompiler.framework/libmetal_timestamp.dylib
0x0000000017be0000 	/System/Library/Frameworks/OpenGL.framework/Versions/A/Libraries/libCoreFSCache.dylib
0x0000000017be0000 	/System/Library/PrivateFrameworks/IOAccelerator.framework/Versions/A/IOAccelerator
0x0000000017be0000 	/System/Library/Frameworks/CoreVideo.framework/Versions/A/CoreVideo
0x0000000017be0000 	/usr/lib/libFosl_dynamic.dylib
0x0000000017be0000 	/System/Library/PrivateFrameworks/MetalPerformanceShaders.framework/Versions/A/MetalPerformanceShaders
0x0000000017be0000 	/System/Library/PrivateFrameworks/FaceCore.framework/Versions/A/FaceCore
0x0000000017be0000 	/System/Library/Frameworks/OpenCL.framework/Versions/A/OpenCL
0x0000000017be0000 	/System/Library/Frameworks/OpenGL.framework/Versions/A/Libraries/libGLU.dylib
0x0000000017be0000 	/System/Library/Frameworks/OpenGL.framework/Versions/A/Libraries/libGFXShared.dylib
0x0000000017be0000 	/System/Library/Frameworks/OpenGL.framework/Versions/A/Libraries/libGL.dylib
0x0000000017be0000 	/System/Library/Frameworks/OpenGL.framework/Versions/A/Libraries/libGLImage.dylib
0x0000000017be0000 	/System/Library/Frameworks/OpenGL.framework/Versions/A/Libraries/libCVMSPluginSupport.dylib
0x0000000017be0000 	/System/Library/Frameworks/OpenGL.framework/Versions/A/Libraries/libCoreVMClient.dylib
0x0000000017be0000 	/System/Library/PrivateFrameworks/CrashReporterSupport.framework/Versions/A/CrashReporterSupport
0x0000000017be0000 	/System/Library/PrivateFrameworks/Sharing.framework/Versions/A/Sharing
0x0000000017be0000 	/System/Library/PrivateFrameworks/IconServices.framework/Versions/A/IconServices
0x0000000017be0000 	/System/Library/PrivateFrameworks/ProtocolBuffer.framework/Versions/A/ProtocolBuffer
0x0000000017be0000 	/System/Library/PrivateFrameworks/Apple80211.framework/Versions/A/Apple80211
0x0000000017be0000 	/System/Library/Frameworks/CoreWLAN.framework/Versions/A/CoreWLAN
0x0000000017be0000 	/System/Library/PrivateFrameworks/CoreUtils.framework/Versions/A/CoreUtils
0x0000000017be0000 	/System/Library/Frameworks/IOBluetooth.framework/Versions/A/IOBluetooth
0x0000000017be0000 	/System/Library/PrivateFrameworks/CoreWiFi.framework/Versions/A/CoreWiFi
0x0000000017be0000 	/System/Library/Frameworks/CoreBluetooth.framework/Versions/A/CoreBluetooth
0x0000000017be0000 	/System/Library/Frameworks/CoreDisplay.framework/Versions/A/CoreDisplay
0x0000000017be0000 	/System/Library/PrivateFrameworks/IOPresentment.framework/Versions/A/IOPresentment
0x0000000017be0000 	/System/Library/PrivateFrameworks/DSExternalDisplay.framework/Versions/A/DSExternalDisplay
0x0000000017be0000 	/System/Library/PrivateFrameworks/DebugSymbols.framework/Versions/A/DebugSymbols
0x0000000017be0000 	/System/Library/PrivateFrameworks/CoreSymbolication.framework/Versions/A/CoreSymbolication
0x0000000017be0000 	/System/Library/PrivateFrameworks/Symbolication.framework/Versions/A/Symbolication
0x0000000017be0000 	/System/Library/PrivateFrameworks/AppleFSCompression.framework/Versions/A/AppleFSCompression
0x0000000017be0000 	/System/Library/PrivateFrameworks/SpeechRecognitionCore.framework/Versions/A/SpeechRecognitionCore
0x0000000017be0000 	/System/Library/PrivateFrameworks/ChunkingLibrary.framework/Versions/A/ChunkingLibrary
0x0000000103000000 	/Library/Java/JavaVirtualMachines/jdk1.8.0_131.jdk/Contents/Home/jre/lib/server/libjvm.dylib
0x0000000017be0000 	/usr/lib/libstdc++.6.dylib
0x0000000102766000 	/Library/Java/JavaVirtualMachines/jdk1.8.0_131.jdk/Contents/Home/jre/lib/libverify.dylib
0x0000000102774000 	/Library/Java/JavaVirtualMachines/jdk1.8.0_131.jdk/Contents/Home/jre/lib/libjava.dylib
0x00000001027b3000 	/Library/Java/JavaVirtualMachines/jdk1.8.0_131.jdk/Contents/Home/jre/lib/libzip.dylib
0x00000001027e4000 	/System/Library/Frameworks/JavaVM.framework/Frameworks/JavaRuntimeSupport.framework/JavaRuntimeSupport
0x0000000119949000 	/System/Library/Frameworks/JavaVM.framework/Versions/A/Frameworks/JavaNativeFoundation.framework/Versions/A/JavaNativeFoundation
0x000000011995e000 	/System/Library/Frameworks/JavaVM.framework/Versions/A/JavaVM
0x0000000017be0000 	/System/Library/Frameworks/Carbon.framework/Versions/A/Carbon
0x000000011996b000 	/System/Library/PrivateFrameworks/JavaLaunching.framework/Versions/A/JavaLaunching
0x0000000017be0000 	/System/Library/Frameworks/Carbon.framework/Versions/A/Frameworks/CommonPanels.framework/Versions/A/CommonPanels
0x0000000017be0000 	/System/Library/Frameworks/Carbon.framework/Versions/A/Frameworks/Help.framework/Versions/A/Help
0x0000000017be0000 	/System/Library/Frameworks/Carbon.framework/Versions/A/Frameworks/ImageCapture.framework/Versions/A/ImageCapture
0x0000000017be0000 	/System/Library/Frameworks/Carbon.framework/Versions/A/Frameworks/OpenScripting.framework/Versions/A/OpenScripting
0x0000000017be0000 	/System/Library/Frameworks/Carbon.framework/Versions/A/Frameworks/Print.framework/Versions/A/Print
0x0000000017be0000 	/System/Library/Frameworks/Carbon.framework/Versions/A/Frameworks/SecurityHI.framework/Versions/A/SecurityHI
0x000000011b4eb000 	/Library/Java/JavaVirtualMachines/jdk1.8.0_131.jdk/Contents/Home/jre/lib/libmanagement.dylib
0x000000011b5d1000 	/Library/Java/JavaVirtualMachines/jdk1.8.0_131.jdk/Contents/Home/jre/lib/libnet.dylib
0x000000011b651000 	/Library/Java/JavaVirtualMachines/jdk1.8.0_131.jdk/Contents/Home/jre/lib/libnio.dylib

VM Arguments:
java_command: build/libs/fee-calculator-0.1.0.jar
java_class_path (initial): build/libs/fee-calculator-0.1.0.jar
Launcher Type: SUN_STANDARD

Environment Variables:
PATH=/Users/adityakumarghosh/Library/Python/2.7/bin/:/usr/local/bin:/usr/local/sbin:/usr/bin:/bin:/usr/sbin:/sbin:/opt/X11/bin:/Library/Frameworks/Python.framework/Versions/3.6/bin
SHELL=/bin/zsh
DISPLAY=/private/tmp/com.apple.launchd.qRIcSpp0Pq/org.macosforge.xquartz:0

Signal Handlers:
SIGSEGV: [libjvm.dylib+0x5b1eb1], sa_mask[0]=11111111011111110111111111111111, sa_flags=SA_ONSTACK|SA_RESTART|SA_SIGINFO
SIGBUS: [libjvm.dylib+0x5b1eb1], sa_mask[0]=11111111011111110111111111111111, sa_flags=SA_RESTART|SA_SIGINFO
SIGFPE: [libjvm.dylib+0x488988], sa_mask[0]=11111111011111110111111111111111, sa_flags=SA_RESTART|SA_SIGINFO
SIGPIPE: [libjvm.dylib+0x488988], sa_mask[0]=11111111011111110111111111111111, sa_flags=SA_RESTART|SA_SIGINFO
SIGXFSZ: [libjvm.dylib+0x488988], sa_mask[0]=11111111011111110111111111111111, sa_flags=SA_RESTART|SA_SIGINFO
SIGILL: [libjvm.dylib+0x488988], sa_mask[0]=11111111011111110111111111111111, sa_flags=SA_RESTART|SA_SIGINFO
SIGUSR1: SIG_DFL, sa_mask[0]=00000000000000000000000000000000, sa_flags=SA_RESTART
SIGUSR2: [libjvm.dylib+0x4884a6], sa_mask[0]=00000000000000000000000000000000, sa_flags=SA_RESTART|SA_SIGINFO
SIGHUP: [libjvm.dylib+0x486a7d], sa_mask[0]=11111111011111110111111111111111, sa_flags=SA_RESTART|SA_SIGINFO
SIGINT: [libjvm.dylib+0x486a7d], sa_mask[0]=11111111011111110111111111111111, sa_flags=SA_RESTART|SA_SIGINFO
SIGTERM: [libjvm.dylib+0x486a7d], sa_mask[0]=11111111011111110111111111111111, sa_flags=SA_RESTART|SA_SIGINFO
SIGQUIT: [libjvm.dylib+0x486a7d], sa_mask[0]=11111111011111110111111111111111, sa_flags=SA_RESTART|SA_SIGINFO


---------------  S Y S T E M  ---------------

OS:Bsduname:Darwin 16.7.0 Darwin Kernel Version 16.7.0: Sun Oct 28 22:30:19 PDT 2018; root:xnu-3789.73.27~1/RELEASE_X86_64 x86_64
rlimit: STACK 8192k, CORE 0k, NPROC 709, NOFILE 10240, AS infinity
load average:5.40 3.70 3.27

CPU:total 4 (initial active 4) (2 cores per cpu, 2 threads per core) family 6 model 61 stepping 4, cmov, cx8, fxsr, mmx, sse, sse2, sse3, ssse3, sse4.1, sse4.2, popcnt, avx, avx2, aes, clmul, erms, 3dnowpref, lzcnt, ht, tsc, tscinvbit, bmi1, bmi2, adx

Memory: 4k page, physical 8388608k(116668k free)

/proc/meminfo:


vm_info: Java HotSpot(TM) 64-Bit Server VM (25.131-b11) for bsd-amd64 JRE (1.8.0_131-b11), built on Mar 15 2017 01:32:22 by "java_re" with gcc 4.2.1 (Based on Apple Inc. build 5658) (LLVM build 2336.11.00)

time: Wed Jan 23 22:48:33 2019
elapsed time: 16 seconds (0d 0h 0m 16s)

